{"meta": {"format": 3, "version": "7.15.0", "timestamp": "2026-07-05T21:14:29.964052", "branch_coverage": false, "show_contexts": false}, "files": {"ffmpeg_util\\__init__.py": {"executed_lines": [3, 4, 6, 8], "summary": {"covered_lines": 4, "num_statements": 4, "percent_covered": 100.0, "percent_covered_display": "100", "missing_lines": 0, "excluded_lines": 0, "percent_statements_covered": 100.0, "percent_statements_covered_display": "100"}, "missing_lines": [], "excluded_lines": [], "functions": {"": {"executed_lines": [3, 4, 6, 8], "summary": {"covered_lines": 4, "num_statements": 4, "percent_covered": 100.0, "percent_covered_display": "100", "missing_lines": 0, "excluded_lines": 0, "percent_statements_covered": 100.0, "percent_statements_covered_display": "100"}, "missing_lines": [], "excluded_lines": [], "start_line": 1}}, "classes": {"": {"executed_lines": [3, 4, 6, 8], "summary": {"covered_lines": 4, "num_statements": 4, "percent_covered": 100.0, "percent_covered_display": "100", "missing_lines": 0, "excluded_lines": 0, "percent_statements_covered": 100.0, "percent_statements_covered_display": "100"}, "missing_lines": [], "excluded_lines": [], "start_line": 1}}}, "ffmpeg_util\\__main__.py": {"executed_lines": [], "summary": {"covered_lines": 0, "num_statements": 3, "percent_covered": 0.0, "percent_covered_display": "0", "missing_lines": 3, "excluded_lines": 0, "percent_statements_covered": 0.0, "percent_statements_covered_display": "0"}, "missing_lines": [3, 5, 6], "excluded_lines": [], "functions": {"": {"executed_lines": [], "summary": {"covered_lines": 0, "num_statements": 3, "percent_covered": 0.0, "percent_covered_display": "0", "missing_lines": 3, "excluded_lines": 0, "percent_statements_covered": 0.0, "percent_statements_covered_display": "0"}, "missing_lines": [3, 5, 6], "excluded_lines": [], "start_line": 1}}, "classes": {"": {"executed_lines": [], "summary": {"covered_lines": 0, "num_statements": 3, "percent_covered": 0.0, "percent_covered_display": "0", "missing_lines": 3, "excluded_lines": 0, "percent_statements_covered": 0.0, "percent_statements_covered_display": "0"}, "missing_lines": [3, 5, 6], "excluded_lines": [], "start_line": 1}}}, "ffmpeg_util\\cli.py": {"executed_lines": [3, 4, 5, 6, 7, 8, 10, 11, 12, 14, 15, 16, 19, 21, 22, 23, 24, 25, 26, 27, 28, 29, 30, 31, 32, 33, 35, 38, 42, 45, 46, 47, 48, 49, 50, 52, 53, 54, 55, 56, 57, 58, 61, 62, 64, 65, 66, 67, 68, 69, 70, 75, 76, 78, 82, 83, 86, 87, 88, 89, 92, 93, 94, 95, 96, 97, 98, 101, 102, 103, 104, 105, 106, 107, 108, 111, 112, 113, 114, 116, 119, 120, 121, 122, 123, 124, 125, 128, 129, 130, 131, 133, 135, 137, 140, 141, 142, 143, 145, 146, 149, 150, 151, 152, 153, 154, 157, 158, 159, 160, 161, 164, 165, 166, 167, 169, 172, 173, 174, 175, 176, 179, 180, 181, 182, 185, 186, 187, 188, 191, 192, 193, 194, 196, 198, 201, 204, 205, 206, 207, 208, 209, 210, 213, 214, 215, 216, 217, 218, 219, 222, 223, 224, 225, 228, 229, 230, 231, 234, 235, 236, 237, 240, 241, 242, 243, 246, 247, 248, 249, 252, 253, 254, 255, 257, 260, 261, 262, 263, 265, 268, 269, 270, 271, 273, 275, 278, 279, 280, 281, 282, 285, 286, 287, 288, 289, 292, 293, 294, 295, 296, 299, 300, 301, 302, 305, 306, 307, 308, 309, 312, 313, 314, 315, 317, 318, 321, 322, 323, 324, 325, 328, 329, 330, 331, 332, 333, 336, 337, 338, 339, 340, 341, 342, 343, 344, 347, 348, 349, 350, 351, 352, 353, 356, 357, 358, 359, 360, 363, 364, 365, 366, 367, 369, 371, 374, 375, 376, 377, 378, 380, 382, 385, 386, 387, 388, 389, 392, 393, 394, 395, 398, 399, 400, 401, 403, 405, 408, 409, 410, 411, 414, 415, 416, 417, 418, 421, 422, 423, 424, 425, 426, 427, 428, 431, 432, 433, 434, 437, 440, 441, 442, 443, 444, 447, 448, 449, 450, 451, 452, 453, 454, 457, 459, 462, 463, 464, 465, 466, 467, 468, 471, 472, 473, 474, 475, 480, 482, 485, 486, 487, 488, 489, 490, 495, 497, 499, 502, 503, 504, 505, 506, 508, 511, 514, 515, 516, 517, 521, 524, 525, 526, 527, 528, 531, 532, 533, 534, 537, 538, 539, 540, 541, 543, 546, 547, 548, 549, 550, 551, 553, 554, 555, 556, 557, 559, 562, 564, 567, 568, 577, 578, 582, 583, 584, 585, 587, 593, 594, 598, 599, 601, 602, 606, 607, 609, 610, 611, 612, 613, 617, 618, 619, 620, 621, 624, 626, 627, 631, 632, 634, 647, 648, 649, 651, 656, 657, 658, 659, 661, 662, 663, 666, 668, 672, 676, 680, 689, 694, 701, 705, 709, 713, 717, 721, 725, 729, 734, 735, 736, 738, 742, 746, 750, 754, 759, 763, 767, 772, 777, 781, 785, 789, 797, 801, 806, 811, 815, 819, 827, 828, 832, 834, 841, 842, 847, 849, 850, 854, 856, 860, 861, 863, 865, 869, 875, 876, 877, 878, 879, 880, 881, 886, 887, 890, 891, 892, 894, 895, 896, 900, 901, 906, 907, 909, 910, 914, 915, 916, 917, 920, 921, 922, 923, 924, 926, 927, 930, 932, 933, 937, 938, 939, 940, 945, 946, 947, 948, 949, 950, 951, 952, 953, 954, 956, 959], "summary": {"covered_lines": 526, "num_statements": 630, "percent_covered": 83.4920634920635, "percent_covered_display": "83", "missing_lines": 104, "excluded_lines": 0, "percent_statements_covered": 83.4920634920635, "percent_statements_covered_display": "83"}, "missing_lines": [34, 51, 588, 589, 590, 591, 614, 623, 635, 636, 637, 638, 639, 645, 652, 654, 664, 665, 669, 670, 673, 674, 677, 678, 681, 687, 690, 692, 695, 699, 702, 703, 706, 707, 710, 711, 714, 715, 718, 719, 722, 723, 726, 727, 730, 732, 739, 740, 743, 744, 747, 748, 751, 752, 755, 757, 760, 761, 764, 765, 768, 770, 773, 775, 778, 779, 782, 783, 786, 787, 790, 795, 798, 799, 802, 804, 807, 809, 812, 813, 816, 817, 820, 825, 835, 839, 857, 858, 866, 867, 870, 873, 893, 911, 912, 918, 919, 928, 929, 934, 935, 942, 955, 960], "excluded_lines": [], "functions": {"_find_config_path": {"executed_lines": [21, 22, 23, 24, 25, 26, 27, 28, 29, 30, 31, 32, 33, 35], "summary": {"covered_lines": 14, "num_statements": 15, "percent_covered": 93.33333333333333, "percent_covered_display": "93", "missing_lines": 1, "excluded_lines": 0, "percent_statements_covered": 93.33333333333333, "percent_statements_covered_display": "93"}, "missing_lines": [34], "excluded_lines": [], "start_line": 19}, "load_config_defaults": {"executed_lines": [42, 45, 46, 47, 48, 49, 50, 52, 53, 54, 55, 56, 57, 58], "summary": {"covered_lines": 14, "num_statements": 15, "percent_covered": 93.33333333333333, "percent_covered_display": "93", "missing_lines": 1, "excluded_lines": 0, "percent_statements_covered": 93.33333333333333, "percent_statements_covered_display": "93"}, "missing_lines": [51], "excluded_lines": [], "start_line": 38}, "build_parser": {"executed_lines": [62, 64, 78, 82, 83, 86, 87, 88, 89, 92, 93, 94, 95, 96, 97, 98, 101, 102, 103, 104, 105, 106, 107, 108, 111, 112, 113, 114, 116, 119, 120, 121, 122, 123, 124, 125, 128, 129, 130, 131, 133, 135, 137, 140, 141, 142, 143, 145, 146, 149, 150, 151, 152, 153, 154, 157, 158, 159, 160, 161, 164, 165, 166, 167, 169, 172, 173, 174, 175, 176, 179, 180, 181, 182, 185, 186, 187, 188, 191, 192, 193, 194, 196, 198, 201, 204, 205, 206, 207, 208, 209, 210, 213, 214, 215, 216, 217, 218, 219, 222, 223, 224, 225, 228, 229, 230, 231, 234, 235, 236, 237, 240, 241, 242, 243, 246, 247, 248, 249, 252, 253, 254, 255, 257, 260, 261, 262, 263, 265, 268, 269, 270, 271, 273, 275, 278, 279, 280, 281, 282, 285, 286, 287, 288, 289, 292, 293, 294, 295, 296, 299, 300, 301, 302, 305, 306, 307, 308, 309, 312, 313, 314, 315, 317, 318, 321, 322, 323, 324, 325, 328, 329, 330, 331, 332, 333, 336, 337, 338, 339, 340, 341, 342, 343, 344, 347, 348, 349, 350, 351, 352, 353, 356, 357, 358, 359, 360, 363, 364, 365, 366, 367, 369, 371, 374, 375, 376, 377, 378, 380, 382, 385, 386, 387, 388, 389, 392, 393, 394, 395, 398, 399, 400, 401, 403, 405, 408, 409, 410, 411, 414, 415, 416, 417, 418, 421, 422, 423, 424, 425, 426, 427, 428, 431, 432, 433, 434, 437, 440, 441, 442, 443, 444, 447, 448, 449, 450, 451, 452, 453, 454, 457, 459, 462, 463, 464, 465, 466, 467, 468, 471, 472, 473, 474, 475, 480, 482, 485, 486, 487, 488, 489, 490, 495, 497, 499, 502, 503, 504, 505, 506, 508, 511, 514, 515, 516, 517, 521, 524, 525, 526, 527, 528, 531, 532, 533, 534, 537, 538, 539, 540, 541, 543, 546, 547, 548, 549, 550, 551, 553, 554, 555, 556, 557, 559, 562, 564], "summary": {"covered_lines": 327, "num_statements": 327, "percent_covered": 100.0, "percent_covered_display": "100", "missing_lines": 0, "excluded_lines": 0, "percent_statements_covered": 100.0, "percent_statements_covered_display": "100"}, "missing_lines": [], "excluded_lines": [], "start_line": 61}, "build_parser._add_global_flags": {"executed_lines": [65, 66, 67, 68, 69, 70, 75, 76], "summary": {"covered_lines": 8, "num_statements": 8, "percent_covered": 100.0, "percent_covered_display": "100", "missing_lines": 0, "excluded_lines": 0, "percent_statements_covered": 100.0, "percent_statements_covered_display": "100"}, "missing_lines": [], "excluded_lines": [], "start_line": 64}, "_runner": {"executed_lines": [568], "summary": {"covered_lines": 1, "num_statements": 1, "percent_covered": 100.0, "percent_covered_display": "100", "missing_lines": 0, "excluded_lines": 0, "percent_statements_covered": 100.0, "percent_statements_covered_display": "100"}, "missing_lines": [], "excluded_lines": [], "start_line": 567}, "_dispatch": {"executed_lines": [578, 582, 583, 584, 585, 587, 593, 594, 598, 599, 601, 602, 606, 607, 609, 610, 611, 612, 613, 617, 618, 619, 620, 621, 624, 626, 627, 631, 632, 634, 647, 648, 649, 651, 656, 657, 658, 659, 661, 662, 663, 666, 668, 672, 676, 680, 689, 694, 701, 705, 709, 713, 717, 721, 725, 729, 734, 735, 736, 738, 742, 746, 750, 754, 759, 763, 767, 772, 777, 781, 785, 789, 797, 801, 806, 811, 815, 819, 827, 828, 832, 834, 841, 842, 847, 849, 850, 854, 856, 860, 861, 863, 865, 869, 875, 876, 877, 878, 879, 880, 881, 886, 887, 890, 891, 892, 894, 895, 896, 900, 901, 906, 907, 909, 910, 914, 915, 916, 917, 920, 921, 922, 923, 924, 926, 927, 930, 932, 933, 937, 938, 939, 940], "summary": {"covered_lines": 133, "num_statements": 233, "percent_covered": 57.081545064377686, "percent_covered_display": "57", "missing_lines": 100, "excluded_lines": 0, "percent_statements_covered": 57.081545064377686, "percent_statements_covered_display": "57"}, "missing_lines": [588, 589, 590, 591, 614, 623, 635, 636, 637, 638, 639, 645, 652, 654, 664, 665, 669, 670, 673, 674, 677, 678, 681, 687, 690, 692, 695, 699, 702, 703, 706, 707, 710, 711, 714, 715, 718, 719, 722, 723, 726, 727, 730, 732, 739, 740, 743, 744, 747, 748, 751, 752, 755, 757, 760, 761, 764, 765, 768, 770, 773, 775, 778, 779, 782, 783, 786, 787, 790, 795, 798, 799, 802, 804, 807, 809, 812, 813, 816, 817, 820, 825, 835, 839, 857, 858, 866, 867, 870, 873, 893, 911, 912, 918, 919, 928, 929, 934, 935, 942], "excluded_lines": [], "start_line": 577}, "main": {"executed_lines": [946, 947, 948, 949, 950, 951, 952, 953, 954, 956], "summary": {"covered_lines": 10, "num_statements": 11, "percent_covered": 90.9090909090909, "percent_covered_display": "91", "missing_lines": 1, "excluded_lines": 0, "percent_statements_covered": 90.9090909090909, "percent_statements_covered_display": "91"}, "missing_lines": [955], "excluded_lines": [], "start_line": 945}, "": {"executed_lines": [3, 4, 5, 6, 7, 8, 10, 11, 12, 14, 15, 16, 19, 38, 61, 567, 577, 945, 959], "summary": {"covered_lines": 19, "num_statements": 20, "percent_covered": 95.0, "percent_covered_display": "95", "missing_lines": 1, "excluded_lines": 0, "percent_statements_covered": 95.0, "percent_statements_covered_display": "95"}, "missing_lines": [960], "excluded_lines": [], "start_line": 1}}, "classes": {"": {"executed_lines": [3, 4, 5, 6, 7, 8, 10, 11, 12, 14, 15, 16, 19, 21, 22, 23, 24, 25, 26, 27, 28, 29, 30, 31, 32, 33, 35, 38, 42, 45, 46, 47, 48, 49, 50, 52, 53, 54, 55, 56, 57, 58, 61, 62, 64, 65, 66, 67, 68, 69, 70, 75, 76, 78, 82, 83, 86, 87, 88, 89, 92, 93, 94, 95, 96, 97, 98, 101, 102, 103, 104, 105, 106, 107, 108, 111, 112, 113, 114, 116, 119, 120, 121, 122, 123, 124, 125, 128, 129, 130, 131, 133, 135, 137, 140, 141, 142, 143, 145, 146, 149, 150, 151, 152, 153, 154, 157, 158, 159, 160, 161, 164, 165, 166, 167, 169, 172, 173, 174, 175, 176, 179, 180, 181, 182, 185, 186, 187, 188, 191, 192, 193, 194, 196, 198, 201, 204, 205, 206, 207, 208, 209, 210, 213, 214, 215, 216, 217, 218, 219, 222, 223, 224, 225, 228, 229, 230, 231, 234, 235, 236, 237, 240, 241, 242, 243, 246, 247, 248, 249, 252, 253, 254, 255, 257, 260, 261, 262, 263, 265, 268, 269, 270, 271, 273, 275, 278, 279, 280, 281, 282, 285, 286, 287, 288, 289, 292, 293, 294, 295, 296, 299, 300, 301, 302, 305, 306, 307, 308, 309, 312, 313, 314, 315, 317, 318, 321, 322, 323, 324, 325, 328, 329, 330, 331, 332, 333, 336, 337, 338, 339, 340, 341, 342, 343, 344, 347, 348, 349, 350, 351, 352, 353, 356, 357, 358, 359, 360, 363, 364, 365, 366, 367, 369, 371, 374, 375, 376, 377, 378, 380, 382, 385, 386, 387, 388, 389, 392, 393, 394, 395, 398, 399, 400, 401, 403, 405, 408, 409, 410, 411, 414, 415, 416, 417, 418, 421, 422, 423, 424, 425, 426, 427, 428, 431, 432, 433, 434, 437, 440, 441, 442, 443, 444, 447, 448, 449, 450, 451, 452, 453, 454, 457, 459, 462, 463, 464, 465, 466, 467, 468, 471, 472, 473, 474, 475, 480, 482, 485, 486, 487, 488, 489, 490, 495, 497, 499, 502, 503, 504, 505, 506, 508, 511, 514, 515, 516, 517, 521, 524, 525, 526, 527, 528, 531, 532, 533, 534, 537, 538, 539, 540, 541, 543, 546, 547, 548, 549, 550, 551, 553, 554, 555, 556, 557, 559, 562, 564, 567, 568, 577, 578, 582, 583, 584, 585, 587, 593, 594, 598, 599, 601, 602, 606, 607, 609, 610, 611, 612, 613, 617, 618, 619, 620, 621, 624, 626, 627, 631, 632, 634, 647, 648, 649, 651, 656, 657, 658, 659, 661, 662, 663, 666, 668, 672, 676, 680, 689, 694, 701, 705, 709, 713, 717, 721, 725, 729, 734, 735, 736, 738, 742, 746, 750, 754, 759, 763, 767, 772, 777, 781, 785, 789, 797, 801, 806, 811, 815, 819, 827, 828, 832, 834, 841, 842, 847, 849, 850, 854, 856, 860, 861, 863, 865, 869, 875, 876, 877, 878, 879, 880, 881, 886, 887, 890, 891, 892, 894, 895, 896, 900, 901, 906, 907, 909, 910, 914, 915, 916, 917, 920, 921, 922, 923, 924, 926, 927, 930, 932, 933, 937, 938, 939, 940, 945, 946, 947, 948, 949, 950, 951, 952, 953, 954, 956, 959], "summary": {"covered_lines": 526, "num_statements": 630, "percent_covered": 83.4920634920635, "percent_covered_display": "83", "missing_lines": 104, "excluded_lines": 0, "percent_statements_covered": 83.4920634920635, "percent_statements_covered_display": "83"}, "missing_lines": [34, 51, 588, 589, 590, 591, 614, 623, 635, 636, 637, 638, 639, 645, 652, 654, 664, 665, 669, 670, 673, 674, 677, 678, 681, 687, 690, 692, 695, 699, 702, 703, 706, 707, 710, 711, 714, 715, 718, 719, 722, 723, 726, 727, 730, 732, 739, 740, 743, 744, 747, 748, 751, 752, 755, 757, 760, 761, 764, 765, 768, 770, 773, 775, 778, 779, 782, 783, 786, 787, 790, 795, 798, 799, 802, 804, 807, 809, 812, 813, 816, 817, 820, 825, 835, 839, 857, 858, 866, 867, 870, 873, 893, 911, 912, 918, 919, 928, 929, 934, 935, 942, 955, 960], "excluded_lines": [], "start_line": 1}}}, "ffmpeg_util\\commands.py": {"executed_lines": [8, 9, 10, 11, 12, 14, 17, 20, 26, 27, 33, 36, 37, 38, 41, 44, 45, 51, 69, 91, 96, 100, 101, 102, 103, 108, 117, 118, 119, 120, 121, 123, 124, 125, 126, 129, 144, 145, 148, 149, 150, 151, 152, 153, 154, 155, 156, 157, 158, 161, 168, 169, 170, 179, 186, 187, 188, 189, 192, 197, 198, 199, 200, 201, 203, 204, 209, 211, 215, 218, 234, 235, 236, 237, 239, 240, 241, 242, 244, 245, 247, 251, 252, 259, 263, 264, 265, 267, 268, 269, 270, 283, 284, 285, 286, 289, 303, 304, 305, 306, 307, 308, 309, 311, 312, 313, 314, 315, 318, 324, 325, 326, 327, 328, 329, 332, 347, 348, 349, 350, 355, 356, 358, 359, 360, 361, 363, 365, 368, 369, 370, 371, 372, 373, 376, 378, 381, 384, 400, 401, 402, 403, 404, 405, 406, 407, 408, 410, 411, 412, 413, 414, 420, 421, 426, 432, 433, 434, 435, 436, 437, 438, 439, 440, 441, 442, 443, 446, 451, 453, 454, 455, 456, 457, 460, 462, 466, 467, 471, 480, 481, 489, 498, 500, 501, 502, 509, 520, 521, 522, 523, 524, 525, 526, 527, 532, 533, 534, 535, 538, 540, 543, 545, 548, 554, 557, 564, 565, 566, 569, 576, 577, 578, 579, 580, 581, 582, 585, 588, 589, 590, 593, 603, 604, 607, 610, 611, 612, 620, 623, 624, 625, 633, 646, 647, 648, 649, 650, 651, 652, 656, 664, 667, 668, 671, 676, 677, 678, 679, 680, 681, 682, 683, 684, 685, 688, 698, 699, 700, 701, 706, 707, 708, 709, 712, 717, 724, 733, 734, 735, 738, 740, 743, 745, 746, 747, 750, 756, 757, 758, 759, 762, 771, 774, 775, 776, 778, 781, 787, 788, 789, 792, 800, 801, 802, 803, 804, 805, 806, 811, 814, 819, 820, 821, 828, 831, 834, 835, 836, 840, 843, 845, 848, 850, 851, 852, 855, 857, 858, 859, 862, 864, 867, 869, 870, 871, 874, 876, 879, 892, 893, 894, 895, 896, 901, 904, 913, 914, 915, 920, 929, 937, 939, 940, 941, 942, 943, 946, 950, 952, 953, 954, 956, 957, 958, 959, 960, 961, 964, 966, 970, 971, 979, 981, 982, 983, 988, 989, 990, 993, 997, 998, 999, 1000, 1001, 1004, 1007, 1014, 1015, 1016, 1017, 1018, 1021, 1030, 1034, 1035, 1039, 1048, 1049, 1050, 1056, 1058, 1059, 1062, 1065, 1079, 1080, 1081, 1082, 1083, 1084, 1085, 1088, 1099, 1100, 1101, 1102, 1107, 1108, 1115, 1121, 1124, 1135, 1154, 1155, 1156, 1157, 1160, 1161, 1162, 1165, 1166, 1167, 1172, 1175, 1184, 1191, 1192, 1193, 1194, 1197, 1218, 1219, 1220, 1221, 1222, 1223, 1226, 1227, 1228, 1231, 1232, 1233, 1234, 1235, 1236, 1241, 1244, 1252, 1253, 1254, 1255, 1258, 1269, 1270, 1271, 1274, 1287, 1288, 1289, 1290, 1291, 1292, 1293, 1296, 1303, 1306, 1320, 1321, 1322, 1323, 1324, 1333, 1348, 1349, 1350, 1351, 1352, 1353, 1354, 1355, 1356, 1357, 1358, 1359, 1360, 1361, 1365, 1369, 1370, 1371, 1374, 1379, 1380, 1381, 1382, 1383, 1384, 1385, 1386, 1387, 1388, 1389, 1392, 1395, 1402, 1403, 1404, 1405, 1406, 1407, 1408, 1409, 1410, 1411, 1412, 1413, 1414, 1417, 1423, 1424, 1425, 1426, 1427, 1428, 1433, 1441, 1442, 1443, 1444, 1445, 1448, 1454, 1464, 1471, 1472, 1473, 1474, 1475, 1476, 1477, 1478, 1479, 1480, 1481, 1482, 1483, 1484, 1485, 1486, 1489, 1504, 1505, 1506, 1507, 1508, 1509, 1510, 1511, 1512, 1513, 1514, 1516, 1517, 1518, 1520, 1521, 1522, 1523, 1524, 1525, 1526, 1527, 1530, 1539, 1540, 1541, 1544, 1562, 1563, 1564, 1565, 1566, 1567, 1569, 1570, 1571, 1572, 1573, 1574, 1577, 1592, 1593, 1594, 1600, 1601, 1608, 1616, 1625, 1636, 1637, 1638, 1639, 1640, 1647, 1655, 1656, 1657, 1664, 1702, 1705, 1723, 1724, 1725, 1726, 1727, 1728, 1729, 1730, 1731, 1732, 1733, 1734, 1735, 1737, 1738, 1739, 1740, 1741, 1742, 1745, 1768, 1769, 1770, 1771, 1772, 1773, 1776, 1777, 1783, 1784, 1785, 1792, 1793, 1794, 1795, 1797, 1798, 1802, 1803, 1811, 1819, 1833, 1834, 1837, 1838, 1839, 1840, 1841, 1851, 1854, 1862, 1863, 1867], "summary": {"covered_lines": 664, "num_statements": 736, "percent_covered": 90.21739130434783, "percent_covered_display": "90", "missing_lines": 72, "excluded_lines": 0, "percent_statements_covered": 90.21739130434783, "percent_statements_covered_display": "90"}, "missing_lines": [53, 60, 61, 62, 63, 64, 65, 66, 70, 71, 72, 73, 74, 75, 76, 77, 78, 79, 80, 81, 82, 83, 84, 85, 86, 87, 88, 104, 105, 205, 206, 351, 422, 423, 452, 468, 482, 483, 484, 702, 766, 767, 768, 951, 972, 973, 974, 975, 976, 984, 1036, 1051, 1052, 1053, 1103, 1131, 1132, 1390, 1391, 1595, 1680, 1681, 1682, 1683, 1684, 1685, 1686, 1690, 1695, 1774, 1799, 1800], "excluded_lines": [], "functions": {"require_output_extension": {"executed_lines": [26, 27], "summary": {"covered_lines": 2, "num_statements": 2, "percent_covered": 100.0, "percent_covered_display": "100", "missing_lines": 0, "excluded_lines": 0, "percent_statements_covered": 100.0, "percent_statements_covered_display": "100"}, "missing_lines": [], "excluded_lines": [], "start_line": 20}, "require_output_dir": {"executed_lines": [36, 37, 38], "summary": {"covered_lines": 3, "num_statements": 3, "percent_covered": 100.0, "percent_covered_display": "100", "missing_lines": 0, "excluded_lines": 0, "percent_statements_covered": 100.0, "percent_statements_covered_display": "100"}, "missing_lines": [], "excluded_lines": [], "start_line": 33}, "require_sequence_pattern": {"executed_lines": [44, 45], "summary": {"covered_lines": 2, "num_statements": 2, "percent_covered": 100.0, "percent_covered_display": "100", "missing_lines": 0, "excluded_lines": 0, "percent_statements_covered": 100.0, "percent_statements_covered_display": "100"}, "missing_lines": [], "excluded_lines": [], "start_line": 41}, "probe": {"executed_lines": [], "summary": {"covered_lines": 0, "num_statements": 8, "percent_covered": 0.0, "percent_covered_display": "0", "missing_lines": 8, "excluded_lines": 0, "percent_statements_covered": 0.0, "percent_statements_covered_display": "0"}, "missing_lines": [53, 60, 61, 62, 63, 64, 65, 66], "excluded_lines": [], "start_line": 51}, "_summarize_probe": {"executed_lines": [], "summary": {"covered_lines": 0, "num_statements": 19, "percent_covered": 0.0, "percent_covered_display": "0", "missing_lines": 19, "excluded_lines": 0, "percent_statements_covered": 0.0, "percent_statements_covered_display": "0"}, "missing_lines": [70, 71, 72, 73, 74, 75, 76, 77, 78, 79, 80, 81, 82, 83, 84, 85, 86, 87, 88], "excluded_lines": [], "start_line": 69}, "probe_duration": {"executed_lines": [96, 100, 101, 102, 103], "summary": {"covered_lines": 5, "num_statements": 7, "percent_covered": 71.42857142857143, "percent_covered_display": "71", "missing_lines": 2, "excluded_lines": 0, "percent_statements_covered": 71.42857142857143, "percent_statements_covered_display": "71"}, "missing_lines": [104, 105], "excluded_lines": [], "start_line": 91}, "build_convert_args": {"executed_lines": [117, 118, 119, 120, 121, 123, 124, 125, 126], "summary": {"covered_lines": 9, "num_statements": 9, "percent_covered": 100.0, "percent_covered_display": "100", "missing_lines": 0, "excluded_lines": 0, "percent_statements_covered": 100.0, "percent_statements_covered_display": "100"}, "missing_lines": [], "excluded_lines": [], "start_line": 108}, "build_trim_args": {"executed_lines": [144, 145, 148, 149, 150, 151, 152, 153, 154, 155, 156, 157, 158], "summary": {"covered_lines": 13, "num_statements": 13, "percent_covered": 100.0, "percent_covered_display": "100", "missing_lines": 0, "excluded_lines": 0, "percent_statements_covered": 100.0, "percent_statements_covered_display": "100"}, "missing_lines": [], "excluded_lines": [], "start_line": 129}, "build_concat_args": {"executed_lines": [168, 169, 170], "summary": {"covered_lines": 3, "num_statements": 3, "percent_covered": 100.0, "percent_covered_display": "100", "missing_lines": 0, "excluded_lines": 0, "percent_statements_covered": 100.0, "percent_statements_covered_display": "100"}, "missing_lines": [], "excluded_lines": [], "start_line": 161}, "write_concat_list": {"executed_lines": [186, 187, 188, 189], "summary": {"covered_lines": 4, "num_statements": 4, "percent_covered": 100.0, "percent_covered_display": "100", "missing_lines": 0, "excluded_lines": 0, "percent_statements_covered": 100.0, "percent_statements_covered_display": "100"}, "missing_lines": [], "excluded_lines": [], "start_line": 179}, "concat": {"executed_lines": [197, 198, 199, 200, 201, 203, 204], "summary": {"covered_lines": 7, "num_statements": 9, "percent_covered": 77.77777777777777, "percent_covered_display": "78", "missing_lines": 2, "excluded_lines": 0, "percent_statements_covered": 77.77777777777777, "percent_statements_covered_display": "78"}, "missing_lines": [205, 206], "excluded_lines": [], "start_line": 192}, "probe_has_audio": {"executed_lines": [211, 215], "summary": {"covered_lines": 2, "num_statements": 2, "percent_covered": 100.0, "percent_covered_display": "100", "missing_lines": 0, "excluded_lines": 0, "percent_statements_covered": 100.0, "percent_statements_covered_display": "100"}, "missing_lines": [], "excluded_lines": [], "start_line": 209}, "build_concat_filter_args": {"executed_lines": [234, 235, 236, 237, 239, 240, 241, 242, 244, 245, 247, 251, 252, 259, 263, 264, 265, 267, 268, 269, 270, 283, 284, 285, 286], "summary": {"covered_lines": 25, "num_statements": 25, "percent_covered": 100.0, "percent_covered_display": "100", "missing_lines": 0, "excluded_lines": 0, "percent_statements_covered": 100.0, "percent_statements_covered_display": "100"}, "missing_lines": [], "excluded_lines": [], "start_line": 218}, "build_thumbnail_args": {"executed_lines": [303, 304, 305, 306, 307, 308, 309, 311, 312, 313, 314, 315], "summary": {"covered_lines": 12, "num_statements": 12, "percent_covered": 100.0, "percent_covered_display": "100", "missing_lines": 0, "excluded_lines": 0, "percent_statements_covered": 100.0, "percent_statements_covered_display": "100"}, "missing_lines": [], "excluded_lines": [], "start_line": 289}, "target_video_bitrate_kbps": {"executed_lines": [324, 325, 326, 327, 328, 329], "summary": {"covered_lines": 6, "num_statements": 6, "percent_covered": 100.0, "percent_covered_display": "100", "missing_lines": 0, "excluded_lines": 0, "percent_statements_covered": 100.0, "percent_statements_covered_display": "100"}, "missing_lines": [], "excluded_lines": [], "start_line": 318}, "compress_to_size": {"executed_lines": [347, 348, 349, 350, 355, 356, 358, 359, 360, 361, 363, 365, 368, 369, 370, 371, 372, 373], "summary": {"covered_lines": 18, "num_statements": 19, "percent_covered": 94.73684210526316, "percent_covered_display": "95", "missing_lines": 1, "excluded_lines": 0, "percent_statements_covered": 94.73684210526316, "percent_statements_covered_display": "95"}, "missing_lines": [351], "excluded_lines": [], "start_line": 332}, "gif_filter": {"executed_lines": [378], "summary": {"covered_lines": 1, "num_statements": 1, "percent_covered": 100.0, "percent_covered_display": "100", "missing_lines": 0, "excluded_lines": 0, "percent_statements_covered": 100.0, "percent_statements_covered_display": "100"}, "missing_lines": [], "excluded_lines": [], "start_line": 376}, "make_gif": {"executed_lines": [400, 401, 402, 403, 404, 405, 406, 407, 408, 410, 411, 412, 413, 414, 420, 421], "summary": {"covered_lines": 16, "num_statements": 18, "percent_covered": 88.88888888888889, "percent_covered_display": "89", "missing_lines": 2, "excluded_lines": 0, "percent_statements_covered": 88.88888888888889, "percent_statements_covered_display": "89"}, "missing_lines": [422, 423], "excluded_lines": [], "start_line": 384}, "atempo_chain": {"executed_lines": [432, 433, 434, 435, 436, 437, 438, 439, 440, 441, 442, 443], "summary": {"covered_lines": 12, "num_statements": 12, "percent_covered": 100.0, "percent_covered_display": "100", "missing_lines": 0, "excluded_lines": 0, "percent_statements_covered": 100.0, "percent_statements_covered_display": "100"}, "missing_lines": [], "excluded_lines": [], "start_line": 426}, "build_speed_args": {"executed_lines": [451, 453, 454, 455, 456, 457], "summary": {"covered_lines": 6, "num_statements": 7, "percent_covered": 85.71428571428571, "percent_covered_display": "86", "missing_lines": 1, "excluded_lines": 0, "percent_statements_covered": 85.71428571428571, "percent_statements_covered_display": "86"}, "missing_lines": [452], "excluded_lines": [], "start_line": 446}, "has_audio": {"executed_lines": [462, 466, 467], "summary": {"covered_lines": 3, "num_statements": 4, "percent_covered": 75.0, "percent_covered_display": "75", "missing_lines": 1, "excluded_lines": 0, "percent_statements_covered": 75.0, "percent_statements_covered_display": "75"}, "missing_lines": [468], "excluded_lines": [], "start_line": 460}, "change_speed": {"executed_lines": [480, 481], "summary": {"covered_lines": 2, "num_statements": 5, "percent_covered": 40.0, "percent_covered_display": "40", "missing_lines": 3, "excluded_lines": 0, "percent_statements_covered": 40.0, "percent_statements_covered_display": "40"}, "missing_lines": [482, 483, 484], "excluded_lines": [], "start_line": 471}, "build_waveform_args": {"executed_lines": [500, 501, 502], "summary": {"covered_lines": 3, "num_statements": 3, "percent_covered": 100.0, "percent_covered_display": "100", "missing_lines": 0, "excluded_lines": 0, "percent_statements_covered": 100.0, "percent_statements_covered_display": "100"}, "missing_lines": [], "excluded_lines": [], "start_line": 498}, "build_image_to_video_args": {"executed_lines": [520, 521, 522, 523, 524, 525, 526, 527, 532, 533, 534, 535], "summary": {"covered_lines": 12, "num_statements": 12, "percent_covered": 100.0, "percent_covered_display": "100", "missing_lines": 0, "excluded_lines": 0, "percent_statements_covered": 100.0, "percent_statements_covered_display": "100"}, "missing_lines": [], "excluded_lines": [], "start_line": 509}, "build_grayscale_args": {"executed_lines": [540], "summary": {"covered_lines": 1, "num_statements": 1, "percent_covered": 100.0, "percent_covered_display": "100", "missing_lines": 0, "excluded_lines": 0, "percent_statements_covered": 100.0, "percent_statements_covered_display": "100"}, "missing_lines": [], "excluded_lines": [], "start_line": 538}, "build_invert_args": {"executed_lines": [545], "summary": {"covered_lines": 1, "num_statements": 1, "percent_covered": 100.0, "percent_covered_display": "100", "missing_lines": 0, "excluded_lines": 0, "percent_statements_covered": 100.0, "percent_statements_covered_display": "100"}, "missing_lines": [], "excluded_lines": [], "start_line": 543}, "build_deinterlace_args": {"executed_lines": [554], "summary": {"covered_lines": 1, "num_statements": 1, "percent_covered": 100.0, "percent_covered_display": "100", "missing_lines": 0, "excluded_lines": 0, "percent_statements_covered": 100.0, "percent_statements_covered_display": "100"}, "missing_lines": [], "excluded_lines": [], "start_line": 548}, "build_sharpen_args": {"executed_lines": [564, 565, 566], "summary": {"covered_lines": 3, "num_statements": 3, "percent_covered": 100.0, "percent_covered_display": "100", "missing_lines": 0, "excluded_lines": 0, "percent_statements_covered": 100.0, "percent_statements_covered_display": "100"}, "missing_lines": [], "excluded_lines": [], "start_line": 557}, "build_denoise_args": {"executed_lines": [576, 577, 578, 579, 580, 581, 582], "summary": {"covered_lines": 7, "num_statements": 7, "percent_covered": 100.0, "percent_covered_display": "100", "missing_lines": 0, "excluded_lines": 0, "percent_statements_covered": 100.0, "percent_statements_covered_display": "100"}, "missing_lines": [], "excluded_lines": [], "start_line": 569}, "build_fps_args": {"executed_lines": [588, 589, 590], "summary": {"covered_lines": 3, "num_statements": 3, "percent_covered": 100.0, "percent_covered_display": "100", "missing_lines": 0, "excluded_lines": 0, "percent_statements_covered": 100.0, "percent_statements_covered_display": "100"}, "missing_lines": [], "excluded_lines": [], "start_line": 585}, "build_eq_args": {"executed_lines": [603, 604], "summary": {"covered_lines": 2, "num_statements": 2, "percent_covered": 100.0, "percent_covered_display": "100", "missing_lines": 0, "excluded_lines": 0, "percent_statements_covered": 100.0, "percent_statements_covered_display": "100"}, "missing_lines": [], "excluded_lines": [], "start_line": 593}, "build_hstack_args": {"executed_lines": [610, 611, 612], "summary": {"covered_lines": 3, "num_statements": 3, "percent_covered": 100.0, "percent_covered_display": "100", "missing_lines": 0, "excluded_lines": 0, "percent_statements_covered": 100.0, "percent_statements_covered_display": "100"}, "missing_lines": [], "excluded_lines": [], "start_line": 607}, "build_vstack_args": {"executed_lines": [623, 624, 625], "summary": {"covered_lines": 3, "num_statements": 3, "percent_covered": 100.0, "percent_covered_display": "100", "missing_lines": 0, "excluded_lines": 0, "percent_statements_covered": 100.0, "percent_statements_covered_display": "100"}, "missing_lines": [], "excluded_lines": [], "start_line": 620}, "build_xfade_args": {"executed_lines": [646, 647, 648, 649, 650, 651, 652, 656], "summary": {"covered_lines": 8, "num_statements": 8, "percent_covered": 100.0, "percent_covered_display": "100", "missing_lines": 0, "excluded_lines": 0, "percent_statements_covered": 100.0, "percent_statements_covered_display": "100"}, "missing_lines": [], "excluded_lines": [], "start_line": 633}, "build_boomerang_args": {"executed_lines": [667, 668], "summary": {"covered_lines": 2, "num_statements": 2, "percent_covered": 100.0, "percent_covered_display": "100", "missing_lines": 0, "excluded_lines": 0, "percent_statements_covered": 100.0, "percent_statements_covered_display": "100"}, "missing_lines": [], "excluded_lines": [], "start_line": 664}, "build_fade_args": {"executed_lines": [676, 677, 678, 679, 680, 681, 682, 683, 684, 685], "summary": {"covered_lines": 10, "num_statements": 10, "percent_covered": 100.0, "percent_covered_display": "100", "missing_lines": 0, "excluded_lines": 0, "percent_statements_covered": 100.0, "percent_statements_covered_display": "100"}, "missing_lines": [], "excluded_lines": [], "start_line": 671}, "fade": {"executed_lines": [698, 699, 700, 701, 706, 707, 708, 709], "summary": {"covered_lines": 8, "num_statements": 9, "percent_covered": 88.88888888888889, "percent_covered_display": "89", "missing_lines": 1, "excluded_lines": 0, "percent_statements_covered": 88.88888888888889, "percent_statements_covered_display": "89"}, "missing_lines": [702], "excluded_lines": [], "start_line": 688}, "build_loudnorm_args": {"executed_lines": [717], "summary": {"covered_lines": 1, "num_statements": 1, "percent_covered": 100.0, "percent_covered_display": "100", "missing_lines": 0, "excluded_lines": 0, "percent_statements_covered": 100.0, "percent_statements_covered_display": "100"}, "missing_lines": [], "excluded_lines": [], "start_line": 712}, "loudnorm": {"executed_lines": [733, 734, 735], "summary": {"covered_lines": 3, "num_statements": 3, "percent_covered": 100.0, "percent_covered_display": "100", "missing_lines": 0, "excluded_lines": 0, "percent_statements_covered": 100.0, "percent_statements_covered_display": "100"}, "missing_lines": [], "excluded_lines": [], "start_line": 724}, "build_volume_args": {"executed_lines": [740], "summary": {"covered_lines": 1, "num_statements": 1, "percent_covered": 100.0, "percent_covered_display": "100", "missing_lines": 0, "excluded_lines": 0, "percent_statements_covered": 100.0, "percent_statements_covered_display": "100"}, "missing_lines": [], "excluded_lines": [], "start_line": 738}, "volume": {"executed_lines": [745, 746, 747], "summary": {"covered_lines": 3, "num_statements": 3, "percent_covered": 100.0, "percent_covered_display": "100", "missing_lines": 0, "excluded_lines": 0, "percent_statements_covered": 100.0, "percent_statements_covered_display": "100"}, "missing_lines": [], "excluded_lines": [], "start_line": 743}, "build_reverse_args": {"executed_lines": [756, 757, 758, 759], "summary": {"covered_lines": 4, "num_statements": 4, "percent_covered": 100.0, "percent_covered_display": "100", "missing_lines": 0, "excluded_lines": 0, "percent_statements_covered": 100.0, "percent_statements_covered_display": "100"}, "missing_lines": [], "excluded_lines": [], "start_line": 750}, "reverse_media": {"executed_lines": [], "summary": {"covered_lines": 0, "num_statements": 3, "percent_covered": 0.0, "percent_covered_display": "0", "missing_lines": 3, "excluded_lines": 0, "percent_statements_covered": 0.0, "percent_statements_covered_display": "0"}, "missing_lines": [766, 767, 768], "excluded_lines": [], "start_line": 762}, "build_extract_frames_args": {"executed_lines": [774, 775, 776, 778], "summary": {"covered_lines": 4, "num_statements": 4, "percent_covered": 100.0, "percent_covered_display": "100", "missing_lines": 0, "excluded_lines": 0, "percent_statements_covered": 100.0, "percent_statements_covered_display": "100"}, "missing_lines": [], "excluded_lines": [], "start_line": 771}, "build_loop_args": {"executed_lines": [787, 788, 789], "summary": {"covered_lines": 3, "num_statements": 3, "percent_covered": 100.0, "percent_covered_display": "100", "missing_lines": 0, "excluded_lines": 0, "percent_statements_covered": 100.0, "percent_statements_covered_display": "100"}, "missing_lines": [], "excluded_lines": [], "start_line": 781}, "build_blur_region_args": {"executed_lines": [800, 801, 802, 803, 804, 805, 806, 811], "summary": {"covered_lines": 8, "num_statements": 8, "percent_covered": 100.0, "percent_covered_display": "100", "missing_lines": 0, "excluded_lines": 0, "percent_statements_covered": 100.0, "percent_statements_covered_display": "100"}, "missing_lines": [], "excluded_lines": [], "start_line": 792}, "build_blur_pad_args": {"executed_lines": [819, 820, 821, 828], "summary": {"covered_lines": 4, "num_statements": 4, "percent_covered": 100.0, "percent_covered_display": "100", "missing_lines": 0, "excluded_lines": 0, "percent_statements_covered": 100.0, "percent_statements_covered_display": "100"}, "missing_lines": [], "excluded_lines": [], "start_line": 814}, "build_pad_args": {"executed_lines": [834, 835, 836, 840], "summary": {"covered_lines": 4, "num_statements": 4, "percent_covered": 100.0, "percent_covered_display": "100", "missing_lines": 0, "excluded_lines": 0, "percent_statements_covered": 100.0, "percent_statements_covered_display": "100"}, "missing_lines": [], "excluded_lines": [], "start_line": 831}, "build_title_args": {"executed_lines": [845], "summary": {"covered_lines": 1, "num_statements": 1, "percent_covered": 100.0, "percent_covered_display": "100", "missing_lines": 0, "excluded_lines": 0, "percent_statements_covered": 100.0, "percent_statements_covered_display": "100"}, "missing_lines": [], "excluded_lines": [], "start_line": 843}, "build_sample_rate_args": {"executed_lines": [850, 851, 852], "summary": {"covered_lines": 3, "num_statements": 3, "percent_covered": 100.0, "percent_covered_display": "100", "missing_lines": 0, "excluded_lines": 0, "percent_statements_covered": 100.0, "percent_statements_covered_display": "100"}, "missing_lines": [], "excluded_lines": [], "start_line": 848}, "sample_rate": {"executed_lines": [857, 858, 859], "summary": {"covered_lines": 3, "num_statements": 3, "percent_covered": 100.0, "percent_covered_display": "100", "missing_lines": 0, "excluded_lines": 0, "percent_statements_covered": 100.0, "percent_statements_covered_display": "100"}, "missing_lines": [], "excluded_lines": [], "start_line": 855}, "build_mono_args": {"executed_lines": [864], "summary": {"covered_lines": 1, "num_statements": 1, "percent_covered": 100.0, "percent_covered_display": "100", "missing_lines": 0, "excluded_lines": 0, "percent_statements_covered": 100.0, "percent_statements_covered_display": "100"}, "missing_lines": [], "excluded_lines": [], "start_line": 862}, "mono": {"executed_lines": [869, 870, 871], "summary": {"covered_lines": 3, "num_statements": 3, "percent_covered": 100.0, "percent_covered_display": "100", "missing_lines": 0, "excluded_lines": 0, "percent_statements_covered": 100.0, "percent_statements_covered_display": "100"}, "missing_lines": [], "excluded_lines": [], "start_line": 867}, "build_mute_args": {"executed_lines": [876], "summary": {"covered_lines": 1, "num_statements": 1, "percent_covered": 100.0, "percent_covered_display": "100", "missing_lines": 0, "excluded_lines": 0, "percent_statements_covered": 100.0, "percent_statements_covered_display": "100"}, "missing_lines": [], "excluded_lines": [], "start_line": 874}, "build_trim_silence_args": {"executed_lines": [892, 893, 894, 895, 896, 901], "summary": {"covered_lines": 6, "num_statements": 6, "percent_covered": 100.0, "percent_covered_display": "100", "missing_lines": 0, "excluded_lines": 0, "percent_statements_covered": 100.0, "percent_statements_covered_display": "100"}, "missing_lines": [], "excluded_lines": [], "start_line": 879}, "trim_silence": {"executed_lines": [913, 914, 915], "summary": {"covered_lines": 3, "num_statements": 3, "percent_covered": 100.0, "percent_covered_display": "100", "missing_lines": 0, "excluded_lines": 0, "percent_statements_covered": 100.0, "percent_statements_covered_display": "100"}, "missing_lines": [], "excluded_lines": [], "start_line": 904}, "build_replace_audio_args": {"executed_lines": [929], "summary": {"covered_lines": 1, "num_statements": 1, "percent_covered": 100.0, "percent_covered_display": "100", "missing_lines": 0, "excluded_lines": 0, "percent_statements_covered": 100.0, "percent_statements_covered_display": "100"}, "missing_lines": [], "excluded_lines": [], "start_line": 920}, "parse_aspect": {"executed_lines": [939, 940, 941, 942, 943], "summary": {"covered_lines": 5, "num_statements": 5, "percent_covered": 100.0, "percent_covered_display": "100", "missing_lines": 0, "excluded_lines": 0, "percent_statements_covered": 100.0, "percent_statements_covered_display": "100"}, "missing_lines": [], "excluded_lines": [], "start_line": 937}, "compute_aspect_crop": {"executed_lines": [950, 952, 953, 954, 956, 957, 958, 959, 960, 961], "summary": {"covered_lines": 10, "num_statements": 11, "percent_covered": 90.9090909090909, "percent_covered_display": "91", "missing_lines": 1, "excluded_lines": 0, "percent_statements_covered": 90.9090909090909, "percent_statements_covered_display": "91"}, "missing_lines": [951], "excluded_lines": [], "start_line": 946}, "probe_dimensions": {"executed_lines": [966, 970, 971], "summary": {"covered_lines": 3, "num_statements": 8, "percent_covered": 37.5, "percent_covered_display": "38", "missing_lines": 5, "excluded_lines": 0, "percent_statements_covered": 37.5, "percent_statements_covered_display": "38"}, "missing_lines": [972, 973, 974, 975, 976], "excluded_lines": [], "start_line": 964}, "crop_to_aspect": {"executed_lines": [981, 982, 983, 988, 989, 990], "summary": {"covered_lines": 6, "num_statements": 7, "percent_covered": 85.71428571428571, "percent_covered_display": "86", "missing_lines": 1, "excluded_lines": 0, "percent_statements_covered": 85.71428571428571, "percent_statements_covered_display": "86"}, "missing_lines": [984], "excluded_lines": [], "start_line": 979}, "build_crop_args": {"executed_lines": [997, 998, 999, 1000, 1001], "summary": {"covered_lines": 5, "num_statements": 5, "percent_covered": 100.0, "percent_covered_display": "100", "missing_lines": 0, "excluded_lines": 0, "percent_statements_covered": 100.0, "percent_statements_covered_display": "100"}, "missing_lines": [], "excluded_lines": [], "start_line": 993}, "parse_cropdetect": {"executed_lines": [1014, 1015, 1016, 1017, 1018], "summary": {"covered_lines": 5, "num_statements": 5, "percent_covered": 100.0, "percent_covered_display": "100", "missing_lines": 0, "excluded_lines": 0, "percent_statements_covered": 100.0, "percent_statements_covered_display": "100"}, "missing_lines": [], "excluded_lines": [], "start_line": 1007}, "detect_crop": {"executed_lines": [1030, 1034, 1035], "summary": {"covered_lines": 3, "num_statements": 4, "percent_covered": 75.0, "percent_covered_display": "75", "missing_lines": 1, "excluded_lines": 0, "percent_statements_covered": 75.0, "percent_statements_covered_display": "75"}, "missing_lines": [1036], "excluded_lines": [], "start_line": 1021}, "autocrop": {"executed_lines": [1048, 1049, 1050], "summary": {"covered_lines": 3, "num_statements": 6, "percent_covered": 50.0, "percent_covered_display": "50", "missing_lines": 3, "excluded_lines": 0, "percent_statements_covered": 50.0, "percent_statements_covered_display": "50"}, "missing_lines": [1051, 1052, 1053], "excluded_lines": [], "start_line": 1039}, "build_transform_args": {"executed_lines": [1058, 1059, 1062], "summary": {"covered_lines": 3, "num_statements": 3, "percent_covered": 100.0, "percent_covered_display": "100", "missing_lines": 0, "excluded_lines": 0, "percent_statements_covered": 100.0, "percent_statements_covered_display": "100"}, "missing_lines": [], "excluded_lines": [], "start_line": 1056}, "build_contact_sheet_args": {"executed_lines": [1079, 1080, 1081, 1082, 1083, 1084, 1085], "summary": {"covered_lines": 7, "num_statements": 7, "percent_covered": 100.0, "percent_covered_display": "100", "missing_lines": 0, "excluded_lines": 0, "percent_statements_covered": 100.0, "percent_statements_covered_display": "100"}, "missing_lines": [], "excluded_lines": [], "start_line": 1065}, "contact_sheet": {"executed_lines": [1099, 1100, 1101, 1102, 1107, 1108], "summary": {"covered_lines": 6, "num_statements": 7, "percent_covered": 85.71428571428571, "percent_covered_display": "86", "missing_lines": 1, "excluded_lines": 0, "percent_statements_covered": 85.71428571428571, "percent_statements_covered_display": "86"}, "missing_lines": [1103], "excluded_lines": [], "start_line": 1088}, "_drawtext_escape_path": {"executed_lines": [], "summary": {"covered_lines": 0, "num_statements": 2, "percent_covered": 0.0, "percent_covered_display": "0", "missing_lines": 2, "excluded_lines": 0, "percent_statements_covered": 0.0, "percent_statements_covered_display": "0"}, "missing_lines": [1131, 1132], "excluded_lines": [], "start_line": 1124}, "build_timecode_args": {"executed_lines": [1154, 1155, 1156, 1157, 1160, 1161, 1162, 1165, 1166, 1167, 1172], "summary": {"covered_lines": 11, "num_statements": 11, "percent_covered": 100.0, "percent_covered_display": "100", "missing_lines": 0, "excluded_lines": 0, "percent_statements_covered": 100.0, "percent_statements_covered_display": "100"}, "missing_lines": [], "excluded_lines": [], "start_line": 1135}, "_escape_drawtext_text": {"executed_lines": [1191, 1192, 1193, 1194], "summary": {"covered_lines": 4, "num_statements": 4, "percent_covered": 100.0, "percent_covered_display": "100", "missing_lines": 0, "excluded_lines": 0, "percent_statements_covered": 100.0, "percent_statements_covered_display": "100"}, "missing_lines": [], "excluded_lines": [], "start_line": 1184}, "build_watermark_args": {"executed_lines": [1218, 1219, 1220, 1221, 1222, 1223, 1226, 1227, 1228, 1231, 1232, 1233, 1234, 1235, 1236, 1241], "summary": {"covered_lines": 16, "num_statements": 16, "percent_covered": 100.0, "percent_covered_display": "100", "missing_lines": 0, "excluded_lines": 0, "percent_statements_covered": 100.0, "percent_statements_covered_display": "100"}, "missing_lines": [], "excluded_lines": [], "start_line": 1197}, "_escape_subtitle_path": {"executed_lines": [1252, 1253, 1254, 1255], "summary": {"covered_lines": 4, "num_statements": 4, "percent_covered": 100.0, "percent_covered_display": "100", "missing_lines": 0, "excluded_lines": 0, "percent_statements_covered": 100.0, "percent_statements_covered_display": "100"}, "missing_lines": [], "excluded_lines": [], "start_line": 1244}, "build_hardsub_args": {"executed_lines": [1269, 1270, 1271], "summary": {"covered_lines": 3, "num_statements": 3, "percent_covered": 100.0, "percent_covered_display": "100", "missing_lines": 0, "excluded_lines": 0, "percent_statements_covered": 100.0, "percent_statements_covered_display": "100"}, "missing_lines": [], "excluded_lines": [], "start_line": 1258}, "build_scene_thumbs_args": {"executed_lines": [1287, 1288, 1289, 1290, 1291, 1292, 1293], "summary": {"covered_lines": 7, "num_statements": 7, "percent_covered": 100.0, "percent_covered_display": "100", "missing_lines": 0, "excluded_lines": 0, "percent_statements_covered": 100.0, "percent_statements_covered_display": "100"}, "missing_lines": [], "excluded_lines": [], "start_line": 1274}, "build_remux_args": {"executed_lines": [1303], "summary": {"covered_lines": 1, "num_statements": 1, "percent_covered": 100.0, "percent_covered_display": "100", "missing_lines": 0, "excluded_lines": 0, "percent_statements_covered": 100.0, "percent_statements_covered_display": "100"}, "missing_lines": [], "excluded_lines": [], "start_line": 1296}, "build_preview_clip_args": {"executed_lines": [1320, 1321, 1322, 1323, 1324], "summary": {"covered_lines": 5, "num_statements": 5, "percent_covered": 100.0, "percent_covered_display": "100", "missing_lines": 0, "excluded_lines": 0, "percent_statements_covered": 100.0, "percent_statements_covered_display": "100"}, "missing_lines": [], "excluded_lines": [], "start_line": 1306}, "build_trim_pct_args": {"executed_lines": [1348, 1349, 1350, 1351, 1352, 1353, 1354, 1355, 1356, 1357, 1358, 1359, 1360, 1361, 1365, 1369, 1370, 1371], "summary": {"covered_lines": 18, "num_statements": 18, "percent_covered": 100.0, "percent_covered_display": "100", "missing_lines": 0, "excluded_lines": 0, "percent_statements_covered": 100.0, "percent_statements_covered_display": "100"}, "missing_lines": [], "excluded_lines": [], "start_line": 1333}, "_parse_timestamp_s": {"executed_lines": [1379, 1380, 1381, 1382, 1383, 1384, 1385, 1386, 1387, 1388, 1389, 1392], "summary": {"covered_lines": 12, "num_statements": 14, "percent_covered": 85.71428571428571, "percent_covered_display": "86", "missing_lines": 2, "excluded_lines": 0, "percent_statements_covered": 85.71428571428571, "percent_statements_covered_display": "86"}, "missing_lines": [1390, 1391], "excluded_lines": [], "start_line": 1374}, "parse_chapters_text": {"executed_lines": [1402, 1403, 1404, 1405, 1406, 1407, 1408, 1409, 1410, 1411, 1412, 1413, 1414], "summary": {"covered_lines": 13, "num_statements": 13, "percent_covered": 100.0, "percent_covered_display": "100", "missing_lines": 0, "excluded_lines": 0, "percent_statements_covered": 100.0, "percent_statements_covered_display": "100"}, "missing_lines": [], "excluded_lines": [], "start_line": 1395}, "write_chapters_meta": {"executed_lines": [1423, 1424, 1425, 1426, 1427, 1428, 1433, 1441, 1442, 1443, 1444, 1445], "summary": {"covered_lines": 12, "num_statements": 12, "percent_covered": 100.0, "percent_covered_display": "100", "missing_lines": 0, "excluded_lines": 0, "percent_statements_covered": 100.0, "percent_statements_covered_display": "100"}, "missing_lines": [], "excluded_lines": [], "start_line": 1417}, "build_chapters_args": {"executed_lines": [1454], "summary": {"covered_lines": 1, "num_statements": 1, "percent_covered": 100.0, "percent_covered_display": "100", "missing_lines": 0, "excluded_lines": 0, "percent_statements_covered": 100.0, "percent_statements_covered_display": "100"}, "missing_lines": [], "excluded_lines": [], "start_line": 1448}, "parse_segments_text": {"executed_lines": [1471, 1472, 1473, 1474, 1475, 1476, 1477, 1478, 1479, 1480, 1481, 1482, 1483, 1484, 1485, 1486], "summary": {"covered_lines": 16, "num_statements": 16, "percent_covered": 100.0, "percent_covered_display": "100", "missing_lines": 0, "excluded_lines": 0, "percent_statements_covered": 100.0, "percent_statements_covered_display": "100"}, "missing_lines": [], "excluded_lines": [], "start_line": 1464}, "build_trim_segments_args": {"executed_lines": [1504, 1505, 1506, 1507, 1508, 1509, 1510, 1511, 1512, 1513, 1514, 1516, 1517, 1518, 1520, 1521, 1522, 1523, 1524, 1525, 1526, 1527], "summary": {"covered_lines": 22, "num_statements": 22, "percent_covered": 100.0, "percent_covered_display": "100", "missing_lines": 0, "excluded_lines": 0, "percent_statements_covered": 100.0, "percent_statements_covered_display": "100"}, "missing_lines": [], "excluded_lines": [], "start_line": 1489}, "trim_segments": {"executed_lines": [1539, 1540, 1541], "summary": {"covered_lines": 3, "num_statements": 3, "percent_covered": 100.0, "percent_covered_display": "100", "missing_lines": 0, "excluded_lines": 0, "percent_statements_covered": 100.0, "percent_statements_covered_display": "100"}, "missing_lines": [], "excluded_lines": [], "start_line": 1530}, "build_poster_frame_args": {"executed_lines": [1562, 1563, 1564, 1565, 1566, 1567, 1569, 1570, 1571, 1572, 1573, 1574], "summary": {"covered_lines": 12, "num_statements": 12, "percent_covered": 100.0, "percent_covered_display": "100", "missing_lines": 0, "excluded_lines": 0, "percent_statements_covered": 100.0, "percent_statements_covered_display": "100"}, "missing_lines": [], "excluded_lines": [], "start_line": 1544}, "poster_frame": {"executed_lines": [1592, 1593, 1594, 1600, 1601], "summary": {"covered_lines": 5, "num_statements": 6, "percent_covered": 83.33333333333333, "percent_covered_display": "83", "missing_lines": 1, "excluded_lines": 0, "percent_statements_covered": 83.33333333333333, "percent_statements_covered_display": "83"}, "missing_lines": [1595], "excluded_lines": [], "start_line": 1577}, "build_autorotate_args": {"executed_lines": [1616], "summary": {"covered_lines": 1, "num_statements": 1, "percent_covered": 100.0, "percent_covered_display": "100", "missing_lines": 0, "excluded_lines": 0, "percent_statements_covered": 100.0, "percent_statements_covered_display": "100"}, "missing_lines": [], "excluded_lines": [], "start_line": 1608}, "build_vidstab_detect_args": {"executed_lines": [1636, 1637, 1638, 1639, 1640], "summary": {"covered_lines": 5, "num_statements": 5, "percent_covered": 100.0, "percent_covered_display": "100", "missing_lines": 0, "excluded_lines": 0, "percent_statements_covered": 100.0, "percent_statements_covered_display": "100"}, "missing_lines": [], "excluded_lines": [], "start_line": 1625}, "build_vidstab_transform_args": {"executed_lines": [1655, 1656, 1657], "summary": {"covered_lines": 3, "num_statements": 3, "percent_covered": 100.0, "percent_covered_display": "100", "missing_lines": 0, "excluded_lines": 0, "percent_statements_covered": 100.0, "percent_statements_covered_display": "100"}, "missing_lines": [], "excluded_lines": [], "start_line": 1647}, "stabilize": {"executed_lines": [], "summary": {"covered_lines": 0, "num_statements": 9, "percent_covered": 0.0, "percent_covered_display": "0", "missing_lines": 9, "excluded_lines": 0, "percent_statements_covered": 0.0, "percent_statements_covered_display": "0"}, "missing_lines": [1680, 1681, 1682, 1683, 1684, 1685, 1686, 1690, 1695], "excluded_lines": [], "start_line": 1664}, "build_compress_args": {"executed_lines": [1723, 1724, 1725, 1726, 1727, 1728, 1729, 1730, 1731, 1732, 1733, 1734, 1735, 1737, 1738, 1739, 1740, 1741, 1742], "summary": {"covered_lines": 19, "num_statements": 19, "percent_covered": 100.0, "percent_covered_display": "100", "missing_lines": 0, "excluded_lines": 0, "percent_statements_covered": 100.0, "percent_statements_covered_display": "100"}, "missing_lines": [], "excluded_lines": [], "start_line": 1705}, "estimate_compress_size": {"executed_lines": [1768, 1769, 1770, 1771, 1772, 1773, 1776, 1777, 1783, 1784, 1785, 1792, 1793, 1794, 1795, 1797, 1798, 1802, 1803], "summary": {"covered_lines": 19, "num_statements": 22, "percent_covered": 86.36363636363636, "percent_covered_display": "86", "missing_lines": 3, "excluded_lines": 0, "percent_statements_covered": 86.36363636363636, "percent_statements_covered_display": "86"}, "missing_lines": [1774, 1799, 1800], "excluded_lines": [], "start_line": 1745}, "build_pip_args": {"executed_lines": [1833, 1834, 1837, 1838, 1839, 1840, 1841], "summary": {"covered_lines": 7, "num_statements": 7, "percent_covered": 100.0, "percent_covered_display": "100", "missing_lines": 0, "excluded_lines": 0, "percent_statements_covered": 100.0, "percent_statements_covered_display": "100"}, "missing_lines": [], "excluded_lines": [], "start_line": 1819}, "build_pixfmt_args": {"executed_lines": [1862, 1863, 1867], "summary": {"covered_lines": 3, "num_statements": 3, "percent_covered": 100.0, "percent_covered_display": "100", "missing_lines": 0, "excluded_lines": 0, "percent_statements_covered": 100.0, "percent_statements_covered_display": "100"}, "missing_lines": [], "excluded_lines": [], "start_line": 1854}, "": {"executed_lines": [8, 9, 10, 11, 12, 14, 17, 20, 33, 41, 51, 69, 91, 108, 129, 161, 179, 192, 209, 218, 289, 318, 332, 376, 381, 384, 426, 446, 460, 471, 489, 498, 509, 538, 543, 548, 557, 569, 585, 593, 607, 620, 633, 664, 671, 688, 712, 724, 738, 743, 750, 762, 771, 781, 792, 814, 831, 843, 848, 855, 862, 867, 874, 879, 904, 920, 937, 946, 964, 979, 993, 1004, 1007, 1021, 1039, 1056, 1065, 1088, 1115, 1121, 1124, 1135, 1175, 1184, 1197, 1244, 1258, 1274, 1296, 1306, 1333, 1374, 1395, 1417, 1448, 1464, 1489, 1530, 1544, 1577, 1608, 1625, 1647, 1664, 1702, 1705, 1745, 1811, 1819, 1851, 1854], "summary": {"covered_lines": 111, "num_statements": 111, "percent_covered": 100.0, "percent_covered_display": "100", "missing_lines": 0, "excluded_lines": 0, "percent_statements_covered": 100.0, "percent_statements_covered_display": "100"}, "missing_lines": [], "excluded_lines": [], "start_line": 1}}, "classes": {"": {"executed_lines": [8, 9, 10, 11, 12, 14, 17, 20, 26, 27, 33, 36, 37, 38, 41, 44, 45, 51, 69, 91, 96, 100, 101, 102, 103, 108, 117, 118, 119, 120, 121, 123, 124, 125, 126, 129, 144, 145, 148, 149, 150, 151, 152, 153, 154, 155, 156, 157, 158, 161, 168, 169, 170, 179, 186, 187, 188, 189, 192, 197, 198, 199, 200, 201, 203, 204, 209, 211, 215, 218, 234, 235, 236, 237, 239, 240, 241, 242, 244, 245, 247, 251, 252, 259, 263, 264, 265, 267, 268, 269, 270, 283, 284, 285, 286, 289, 303, 304, 305, 306, 307, 308, 309, 311, 312, 313, 314, 315, 318, 324, 325, 326, 327, 328, 329, 332, 347, 348, 349, 350, 355, 356, 358, 359, 360, 361, 363, 365, 368, 369, 370, 371, 372, 373, 376, 378, 381, 384, 400, 401, 402, 403, 404, 405, 406, 407, 408, 410, 411, 412, 413, 414, 420, 421, 426, 432, 433, 434, 435, 436, 437, 438, 439, 440, 441, 442, 443, 446, 451, 453, 454, 455, 456, 457, 460, 462, 466, 467, 471, 480, 481, 489, 498, 500, 501, 502, 509, 520, 521, 522, 523, 524, 525, 526, 527, 532, 533, 534, 535, 538, 540, 543, 545, 548, 554, 557, 564, 565, 566, 569, 576, 577, 578, 579, 580, 581, 582, 585, 588, 589, 590, 593, 603, 604, 607, 610, 611, 612, 620, 623, 624, 625, 633, 646, 647, 648, 649, 650, 651, 652, 656, 664, 667, 668, 671, 676, 677, 678, 679, 680, 681, 682, 683, 684, 685, 688, 698, 699, 700, 701, 706, 707, 708, 709, 712, 717, 724, 733, 734, 735, 738, 740, 743, 745, 746, 747, 750, 756, 757, 758, 759, 762, 771, 774, 775, 776, 778, 781, 787, 788, 789, 792, 800, 801, 802, 803, 804, 805, 806, 811, 814, 819, 820, 821, 828, 831, 834, 835, 836, 840, 843, 845, 848, 850, 851, 852, 855, 857, 858, 859, 862, 864, 867, 869, 870, 871, 874, 876, 879, 892, 893, 894, 895, 896, 901, 904, 913, 914, 915, 920, 929, 937, 939, 940, 941, 942, 943, 946, 950, 952, 953, 954, 956, 957, 958, 959, 960, 961, 964, 966, 970, 971, 979, 981, 982, 983, 988, 989, 990, 993, 997, 998, 999, 1000, 1001, 1004, 1007, 1014, 1015, 1016, 1017, 1018, 1021, 1030, 1034, 1035, 1039, 1048, 1049, 1050, 1056, 1058, 1059, 1062, 1065, 1079, 1080, 1081, 1082, 1083, 1084, 1085, 1088, 1099, 1100, 1101, 1102, 1107, 1108, 1115, 1121, 1124, 1135, 1154, 1155, 1156, 1157, 1160, 1161, 1162, 1165, 1166, 1167, 1172, 1175, 1184, 1191, 1192, 1193, 1194, 1197, 1218, 1219, 1220, 1221, 1222, 1223, 1226, 1227, 1228, 1231, 1232, 1233, 1234, 1235, 1236, 1241, 1244, 1252, 1253, 1254, 1255, 1258, 1269, 1270, 1271, 1274, 1287, 1288, 1289, 1290, 1291, 1292, 1293, 1296, 1303, 1306, 1320, 1321, 1322, 1323, 1324, 1333, 1348, 1349, 1350, 1351, 1352, 1353, 1354, 1355, 1356, 1357, 1358, 1359, 1360, 1361, 1365, 1369, 1370, 1371, 1374, 1379, 1380, 1381, 1382, 1383, 1384, 1385, 1386, 1387, 1388, 1389, 1392, 1395, 1402, 1403, 1404, 1405, 1406, 1407, 1408, 1409, 1410, 1411, 1412, 1413, 1414, 1417, 1423, 1424, 1425, 1426, 1427, 1428, 1433, 1441, 1442, 1443, 1444, 1445, 1448, 1454, 1464, 1471, 1472, 1473, 1474, 1475, 1476, 1477, 1478, 1479, 1480, 1481, 1482, 1483, 1484, 1485, 1486, 1489, 1504, 1505, 1506, 1507, 1508, 1509, 1510, 1511, 1512, 1513, 1514, 1516, 1517, 1518, 1520, 1521, 1522, 1523, 1524, 1525, 1526, 1527, 1530, 1539, 1540, 1541, 1544, 1562, 1563, 1564, 1565, 1566, 1567, 1569, 1570, 1571, 1572, 1573, 1574, 1577, 1592, 1593, 1594, 1600, 1601, 1608, 1616, 1625, 1636, 1637, 1638, 1639, 1640, 1647, 1655, 1656, 1657, 1664, 1702, 1705, 1723, 1724, 1725, 1726, 1727, 1728, 1729, 1730, 1731, 1732, 1733, 1734, 1735, 1737, 1738, 1739, 1740, 1741, 1742, 1745, 1768, 1769, 1770, 1771, 1772, 1773, 1776, 1777, 1783, 1784, 1785, 1792, 1793, 1794, 1795, 1797, 1798, 1802, 1803, 1811, 1819, 1833, 1834, 1837, 1838, 1839, 1840, 1841, 1851, 1854, 1862, 1863, 1867], "summary": {"covered_lines": 664, "num_statements": 736, "percent_covered": 90.21739130434783, "percent_covered_display": "90", "missing_lines": 72, "excluded_lines": 0, "percent_statements_covered": 90.21739130434783, "percent_statements_covered_display": "90"}, "missing_lines": [53, 60, 61, 62, 63, 64, 65, 66, 70, 71, 72, 73, 74, 75, 76, 77, 78, 79, 80, 81, 82, 83, 84, 85, 86, 87, 88, 104, 105, 205, 206, 351, 422, 423, 452, 468, 482, 483, 484, 702, 766, 767, 768, 951, 972, 973, 974, 975, 976, 984, 1036, 1051, 1052, 1053, 1103, 1131, 1132, 1390, 1391, 1595, 1680, 1681, 1682, 1683, 1684, 1685, 1686, 1690, 1695, 1774, 1799, 1800], "excluded_lines": [], "start_line": 1}}}, "ffmpeg_util\\errors.py": {"executed_lines": [4, 11, 12, 13, 14, 17], "summary": {"covered_lines": 6, "num_statements": 6, "percent_covered": 100.0, "percent_covered_display": "100", "missing_lines": 0, "excluded_lines": 0, "percent_statements_covered": 100.0, "percent_statements_covered_display": "100"}, "missing_lines": [], "excluded_lines": [], "functions": {"FfmpegError.__init__": {"executed_lines": [12, 13, 14], "summary": {"covered_lines": 3, "num_statements": 3, "percent_covered": 100.0, "percent_covered_display": "100", "missing_lines": 0, "excluded_lines": 0, "percent_statements_covered": 100.0, "percent_statements_covered_display": "100"}, "missing_lines": [], "excluded_lines": [], "start_line": 11}, "": {"executed_lines": [4, 11, 17], "summary": {"covered_lines": 3, "num_statements": 3, "percent_covered": 100.0, "percent_covered_display": "100", "missing_lines": 0, "excluded_lines": 0, "percent_statements_covered": 100.0, "percent_statements_covered_display": "100"}, "missing_lines": [], "excluded_lines": [], "start_line": 1}}, "classes": {"FfmpegError": {"executed_lines": [12, 13, 14], "summary": {"covered_lines": 3, "num_statements": 3, "percent_covered": 100.0, "percent_covered_display": "100", "missing_lines": 0, "excluded_lines": 0, "percent_statements_covered": 100.0, "percent_statements_covered_display": "100"}, "missing_lines": [], "excluded_lines": [], "start_line": 4}, "FfmpegNotFoundError": {"executed_lines": [], "summary": {"covered_lines": 0, "num_statements": 0, "percent_covered": 100.0, "percent_covered_display": "100", "missing_lines": 0, "excluded_lines": 0, "percent_statements_covered": 100.0, "percent_statements_covered_display": "100"}, "missing_lines": [], "excluded_lines": [], "start_line": 17}, "": {"executed_lines": [4, 11, 17], "summary": {"covered_lines": 3, "num_statements": 3, "percent_covered": 100.0, "percent_covered_display": "100", "missing_lines": 0, "excluded_lines": 0, "percent_statements_covered": 100.0, "percent_statements_covered_display": "100"}, "missing_lines": [], "excluded_lines": [], "start_line": 1}}}, "ffmpeg_util\\runner.py": {"executed_lines": [3, 4, 5, 6, 7, 8, 10, 13, 24, 25, 26, 28, 29, 30, 32, 38, 45, 54, 55, 56, 57, 58, 59, 60, 62, 63, 64, 65, 68, 70, 71, 72, 73, 76, 78, 87, 88, 89, 90, 91, 92, 94, 95, 97, 99, 103, 104, 106, 108, 109, 111, 121, 122, 123, 124, 125, 130, 157, 158, 162, 163, 164, 165, 166, 171, 172, 173, 180, 181, 217, 218, 219, 220, 221, 222, 224, 225, 226, 227, 229, 230, 231, 232, 237, 238, 246, 247, 248, 249, 250, 252, 255, 256, 257, 258, 259, 261, 267, 273], "summary": {"covered_lines": 99, "num_statements": 139, "percent_covered": 71.22302158273381, "percent_covered_display": "71", "missing_lines": 40, "excluded_lines": 0, "percent_statements_covered": 71.22302158273381, "percent_statements_covered_display": "71"}, "missing_lines": [126, 127, 128, 167, 182, 188, 189, 190, 191, 192, 193, 194, 195, 196, 197, 198, 199, 200, 201, 202, 203, 204, 206, 207, 208, 209, 210, 211, 212, 213, 214, 215, 216, 223, 228, 234, 235, 236, 260, 268], "excluded_lines": [], "functions": {"find_binary": {"executed_lines": [24, 25, 26, 28, 29, 30, 32], "summary": {"covered_lines": 7, "num_statements": 7, "percent_covered": 100.0, "percent_covered_display": "100", "missing_lines": 0, "excluded_lines": 0, "percent_statements_covered": 100.0, "percent_statements_covered_display": "100"}, "missing_lines": [], "excluded_lines": [], "start_line": 13}, "FfmpegRunner.__init__": {"executed_lines": [54, 55, 56, 57, 58, 59, 60], "summary": {"covered_lines": 7, "num_statements": 7, "percent_covered": 100.0, "percent_covered_display": "100", "missing_lines": 0, "excluded_lines": 0, "percent_statements_covered": 100.0, "percent_statements_covered_display": "100"}, "missing_lines": [], "excluded_lines": [], "start_line": 45}, "FfmpegRunner.ffmpeg": {"executed_lines": [64, 65, 68], "summary": {"covered_lines": 3, "num_statements": 3, "percent_covered": 100.0, "percent_covered_display": "100", "missing_lines": 0, "excluded_lines": 0, "percent_statements_covered": 100.0, "percent_statements_covered_display": "100"}, "missing_lines": [], "excluded_lines": [], "start_line": 63}, "FfmpegRunner.ffprobe": {"executed_lines": [72, 73, 76], "summary": {"covered_lines": 3, "num_statements": 3, "percent_covered": 100.0, "percent_covered_display": "100", "missing_lines": 0, "excluded_lines": 0, "percent_statements_covered": 100.0, "percent_statements_covered_display": "100"}, "missing_lines": [], "excluded_lines": [], "start_line": 71}, "FfmpegRunner.build_ffmpeg_args": {"executed_lines": [87, 88, 89, 90, 91, 92], "summary": {"covered_lines": 6, "num_statements": 6, "percent_covered": 100.0, "percent_covered_display": "100", "missing_lines": 0, "excluded_lines": 0, "percent_statements_covered": 100.0, "percent_statements_covered_display": "100"}, "missing_lines": [], "excluded_lines": [], "start_line": 78}, "FfmpegRunner.format_command": {"executed_lines": [97], "summary": {"covered_lines": 1, "num_statements": 1, "percent_covered": 100.0, "percent_covered_display": "100", "missing_lines": 0, "excluded_lines": 0, "percent_statements_covered": 100.0, "percent_statements_covered_display": "100"}, "missing_lines": [], "excluded_lines": [], "start_line": 95}, "FfmpegRunner.run_ffmpeg": {"executed_lines": [103, 104], "summary": {"covered_lines": 2, "num_statements": 2, "percent_covered": 100.0, "percent_covered_display": "100", "missing_lines": 0, "excluded_lines": 0, "percent_statements_covered": 100.0, "percent_statements_covered_display": "100"}, "missing_lines": [], "excluded_lines": [], "start_line": 99}, "FfmpegRunner.run_ffprobe": {"executed_lines": [108, 109], "summary": {"covered_lines": 2, "num_statements": 2, "percent_covered": 100.0, "percent_covered_display": "100", "missing_lines": 0, "excluded_lines": 0, "percent_statements_covered": 100.0, "percent_statements_covered_display": "100"}, "missing_lines": [], "excluded_lines": [], "start_line": 106}, "FfmpegRunner.run_ffmpeg_capture": {"executed_lines": [121, 122, 123, 124, 125], "summary": {"covered_lines": 5, "num_statements": 8, "percent_covered": 62.5, "percent_covered_display": "62", "missing_lines": 3, "excluded_lines": 0, "percent_statements_covered": 62.5, "percent_statements_covered_display": "62"}, "missing_lines": [126, 127, 128], "excluded_lines": [], "start_line": 111}, "FfmpegRunner.iter_ffmpeg_progress": {"executed_lines": [157, 158, 162, 163, 164, 165, 166, 171, 172, 173, 180, 181, 217, 218, 219, 220, 221, 222, 224, 225, 226, 227, 229, 230, 231, 232, 237, 238, 246, 247, 248, 249, 250], "summary": {"covered_lines": 33, "num_statements": 42, "percent_covered": 78.57142857142857, "percent_covered_display": "79", "missing_lines": 9, "excluded_lines": 0, "percent_statements_covered": 78.57142857142857, "percent_statements_covered_display": "79"}, "missing_lines": [167, 182, 215, 216, 223, 228, 234, 235, 236], "excluded_lines": [], "start_line": 130}, "FfmpegRunner.iter_ffmpeg_progress._drain_stderr": {"executed_lines": [], "summary": {"covered_lines": 0, "num_statements": 26, "percent_covered": 0.0, "percent_covered_display": "0", "missing_lines": 26, "excluded_lines": 0, "percent_statements_covered": 0.0, "percent_statements_covered_display": "0"}, "missing_lines": [188, 189, 190, 191, 192, 193, 194, 195, 196, 197, 198, 199, 200, 201, 202, 203, 204, 206, 207, 208, 209, 210, 211, 212, 213, 214], "excluded_lines": [], "start_line": 182}, "FfmpegRunner._run": {"executed_lines": [255, 256, 257, 258, 259, 261, 267, 273], "summary": {"covered_lines": 8, "num_statements": 10, "percent_covered": 80.0, "percent_covered_display": "80", "missing_lines": 2, "excluded_lines": 0, "percent_statements_covered": 80.0, "percent_statements_covered_display": "80"}, "missing_lines": [260, 268], "excluded_lines": [], "start_line": 252}, "": {"executed_lines": [3, 4, 5, 6, 7, 8, 10, 13, 38, 45, 62, 63, 70, 71, 78, 94, 95, 99, 106, 111, 130, 252], "summary": {"covered_lines": 22, "num_statements": 22, "percent_covered": 100.0, "percent_covered_display": "100", "missing_lines": 0, "excluded_lines": 0, "percent_statements_covered": 100.0, "percent_statements_covered_display": "100"}, "missing_lines": [], "excluded_lines": [], "start_line": 1}}, "classes": {"FfmpegRunner": {"executed_lines": [54, 55, 56, 57, 58, 59, 60, 64, 65, 68, 72, 73, 76, 87, 88, 89, 90, 91, 92, 97, 103, 104, 108, 109, 121, 122, 123, 124, 125, 157, 158, 162, 163, 164, 165, 166, 171, 172, 173, 180, 181, 217, 218, 219, 220, 221, 222, 224, 225, 226, 227, 229, 230, 231, 232, 237, 238, 246, 247, 248, 249, 250, 255, 256, 257, 258, 259, 261, 267, 273], "summary": {"covered_lines": 70, "num_statements": 110, "percent_covered": 63.63636363636363, "percent_covered_display": "64", "missing_lines": 40, "excluded_lines": 0, "percent_statements_covered": 63.63636363636363, "percent_statements_covered_display": "64"}, "missing_lines": [126, 127, 128, 167, 182, 188, 189, 190, 191, 192, 193, 194, 195, 196, 197, 198, 199, 200, 201, 202, 203, 204, 206, 207, 208, 209, 210, 211, 212, 213, 214, 215, 216, 223, 228, 234, 235, 236, 260, 268], "excluded_lines": [], "start_line": 38}, "": {"executed_lines": [3, 4, 5, 6, 7, 8, 10, 13, 24, 25, 26, 28, 29, 30, 32, 38, 45, 62, 63, 70, 71, 78, 94, 95, 99, 106, 111, 130, 252], "summary": {"covered_lines": 29, "num_statements": 29, "percent_covered": 100.0, "percent_covered_display": "100", "missing_lines": 0, "excluded_lines": 0, "percent_statements_covered": 100.0, "percent_statements_covered_display": "100"}, "missing_lines": [], "excluded_lines": [], "start_line": 1}}}}, "totals": {"covered_lines": 1299, "num_statements": 1518, "percent_covered": 85.57312252964427, "percent_covered_display": "86", "missing_lines": 219, "excluded_lines": 0, "percent_statements_covered": 85.57312252964427, "percent_statements_covered_display": "86"}}